<?xml version="1.0" encoding="utf-8"?>
<robot generated="20240626 16:01:54.567" generator="Rebot 6.0.2 (Python 3.12.1 on win32)" rpa="false" schemaversion="3">
 <suite id="s1" name="Tests" source="C:\Anugal_Testing\Anugal\Tests">
  <kw name="Setup highest level suite" type="SETUP">
   <kw library="BuiltIn" name="Set Variable">
    <var>
     ${d.test_server}
    </var>
    <arg>
     ${test_server}
    </arg>
    <doc>
     Returns the given values which can then be assigned to a variables.
    </doc>
    <msg level="INFO" timestamp="20240626 16:01:30.673">
     ${d.test_server} = Dev
    </msg>
    <status endtime="20240626 16:01:30.673" starttime="20240626 16:01:30.673" status="PASS"/>
   </kw>
   <kw library="Support" name="Reset screenshot count variable">
    <kw library="BuiltIn" name="Set Variable">
     <var>
      ${screenshotCount}
     </var>
     <arg>
      ${PABOTQUEUEINDEX}_1
     </arg>
     <doc>
      Returns the given values which can then be assigned to a variables.
     </doc>
     <msg level="INFO" timestamp="20240626 16:01:30.674">
      ${screenshotCount} = 0_1
     </msg>
     <status endtime="20240626 16:01:30.674" starttime="20240626 16:01:30.674" status="PASS"/>
    </kw>
    <kw library="BuiltIn" name="Set Global Variable">
     <arg>
      ${screenshotCount}
     </arg>
     <doc>
      Makes a variable available globally in all tests and suites.
     </doc>
     <msg level="INFO" timestamp="20240626 16:01:30.675">
      ${screenshotCount} = 0_1
     </msg>
     <status endtime="20240626 16:01:30.675" starttime="20240626 16:01:30.674" status="PASS"/>
    </kw>
    <kw library="Support" name="Set up screenshot directory">
     <kw library="OperatingSystem" name="Create Directory">
      <arg>
       ${OUTPUTDIR}${/}${wvar('screenshot_dir')}
      </arg>
      <doc>
       Creates the specified directory.
      </doc>
      <msg level="INFO" timestamp="20240626 16:01:30.678">
       Web.Dev.screenshot_dir: Screenshot
      </msg>
      <msg html="true" level="INFO" timestamp="20240626 16:01:30.683">
       Created directory '&lt;a href="file://C:\Anugal_Testing\Anugal\Output\33181b60-0728-45db-8fbd-98d61a98bccc\pabot_results\0\Screenshot"&gt;C:\Anugal_Testing\Anugal\Output\33181b60-0728-45db-8fbd-98d61a98bccc\pabot_results\0\Screenshot&lt;/a&gt;'.
      </msg>
      <status endtime="20240626 16:01:30.683" starttime="20240626 16:01:30.675" status="PASS"/>
     </kw>
     <status endtime="20240626 16:01:30.684" starttime="20240626 16:01:30.675" status="PASS"/>
    </kw>
    <status endtime="20240626 16:01:30.684" starttime="20240626 16:01:30.673" status="PASS"/>
   </kw>
   <kw library="BuiltIn" name="Set Global Variable">
    <arg>
     ${screenshot_taking}
    </arg>
    <arg>
     ${True}
    </arg>
    <doc>
     Makes a variable available globally in all tests and suites.
    </doc>
    <msg level="INFO" timestamp="20240626 16:01:30.686">
     ${screenshot_taking} = True
    </msg>
    <status endtime="20240626 16:01:30.686" starttime="20240626 16:01:30.684" status="PASS"/>
   </kw>
   <kw library="Support" name="Setup linux execution">
    <kw library="BuiltIn" name="Run Keyword And Return Status">
     <var>
      ${web_test_check}
     </var>
     <arg>
      Variable Should Exist
     </arg>
     <arg>
      ${web_test}
     </arg>
     <doc>
      Runs the given keyword with given arguments and returns the status as a Boolean value.
     </doc>
     <kw library="BuiltIn" name="Variable Should Exist">
      <arg>
       ${web_test}
      </arg>
      <doc>
       Fails unless the given variable exists within the current scope.
      </doc>
      <status endtime="20240626 16:01:30.688" starttime="20240626 16:01:30.687" status="PASS"/>
     </kw>
     <msg level="INFO" timestamp="20240626 16:01:30.688">
      ${web_test_check} = True
     </msg>
     <status endtime="20240626 16:01:30.688" starttime="20240626 16:01:30.687" status="PASS"/>
    </kw>
    <kw library="BuiltIn" name="Run Keyword If">
     <arg>
      ${web_test_check}
     </arg>
     <arg>
      Setup Docker Execution Options
     </arg>
     <doc>
      Runs the given keyword with the given arguments, if ``condition`` is true.
     </doc>
     <kw library="Support_Web" name="Setup Docker Execution Options">
      <kw library="Support_Web" name="Setup Suite Metadata">
       <arg>
        ${browser}
       </arg>
       <kw library="BrowserSupport" name="Get Browser Metadata">
        <var>
         &amp;{browser_information}
        </var>
        <arg>
         browser=${browser}
        </arg>
        <doc>
         Fetches browser metadata information
:param browser: Name of the browser for which information is fetched
:param reload: Re-read the metadata based on the browser
:return: Browser metadata information, dict of format
            {"browser_version": browser version value,
             "driver_version": driver version value}
        </doc>
        <msg level="INFO" timestamp="20240626 16:01:36.663">
         &amp;{browser_information} = { browser_version=126.0.6478.126 | driver_version=126.0.6478.62  }
        </msg>
        <status endtime="20240626 16:01:36.663" starttime="20240626 16:01:30.689" status="PASS"/>
       </kw>
       <kw library="BuiltIn" name="Set Suite Metadata">
        <arg>
         test_browser_name
        </arg>
        <arg>
         ${browser}
        </arg>
        <doc>
         Sets metadata for the current test suite.
        </doc>
        <msg level="INFO" timestamp="20240626 16:01:36.663">
         Set suite metadata 'test_browser_name' to value 'chrome'.
        </msg>
        <status endtime="20240626 16:01:36.663" starttime="20240626 16:01:36.663" status="PASS"/>
       </kw>
       <kw library="BuiltIn" name="Set Suite Metadata">
        <arg>
         test_browser_version
        </arg>
        <arg>
         ${browser_information.browser_version}
        </arg>
        <doc>
         Sets metadata for the current test suite.
        </doc>
        <msg level="INFO" timestamp="20240626 16:01:36.665">
         Set suite metadata 'test_browser_version' to value '126.0.6478.126'.
        </msg>
        <status endtime="20240626 16:01:36.665" starttime="20240626 16:01:36.663" status="PASS"/>
       </kw>
       <kw library="BuiltIn" name="Set Suite Metadata">
        <arg>
         test_driver_version
        </arg>
        <arg>
         ${browser_information.driver_version}
        </arg>
        <doc>
         Sets metadata for the current test suite.
        </doc>
        <msg level="INFO" timestamp="20240626 16:01:36.666">
         Set suite metadata 'test_driver_version' to value '126.0.6478.62 '.
        </msg>
        <status endtime="20240626 16:01:36.666" starttime="20240626 16:01:36.665" status="PASS"/>
       </kw>
       <status endtime="20240626 16:01:36.666" starttime="20240626 16:01:30.689" status="PASS"/>
      </kw>
      <kw library="Support_Web" name="Setup Global Docker Execution Options">
       <kw library="BuiltIn" name="Set Global Variable">
        <arg>
         ${global_browser_options}
        </arg>
        <arg>
         None
        </arg>
        <doc>
         Makes a variable available globally in all tests and suites.
        </doc>
        <msg level="INFO" timestamp="20240626 16:01:36.668">
         ${global_browser_options} = None
        </msg>
        <status endtime="20240626 16:01:36.668" starttime="20240626 16:01:36.667" status="PASS"/>
       </kw>
       <kw library="OperatingSystem" name="Get Environment Variable">
        <var>
         ${docker_check}
        </var>
        <arg>
         EXECUTION_ENVIRONMENT
        </arg>
        <arg>
         not_found
        </arg>
        <doc>
         Returns the value of an environment variable with the given name.
        </doc>
        <msg level="INFO" timestamp="20240626 16:01:36.668">
         ${docker_check} = not_found
        </msg>
        <status endtime="20240626 16:01:36.668" starttime="20240626 16:01:36.668" status="PASS"/>
       </kw>
       <kw library="BuiltIn" name="Run Keyword And Return If">
        <arg>
         "${docker_check}"!="docker"
        </arg>
        <arg>
         Log
        </arg>
        <arg>
         Not executing on Docker
        </arg>
        <doc>
         Runs the specified keyword and returns from the enclosing user keyword.
        </doc>
        <kw library="BuiltIn" name="Log">
         <arg>
          Not executing on Docker
         </arg>
         <doc>
          Logs the given message with the given level.
         </doc>
         <msg level="INFO" timestamp="20240626 16:01:36.669">
          Not executing on Docker
         </msg>
         <status endtime="20240626 16:01:36.669" starttime="20240626 16:01:36.669" status="PASS"/>
        </kw>
        <msg level="INFO" timestamp="20240626 16:01:36.669">
         Returning from the enclosing user keyword.
        </msg>
        <status endtime="20240626 16:01:36.669" starttime="20240626 16:01:36.669" status="PASS"/>
       </kw>
       <kw library="BuiltIn" name="Create List">
        <var>
         @{options}
        </var>
        <arg>
         --headless
        </arg>
        <arg>
         --no-sandbox
        </arg>
        <arg>
         --disable-dev-shm-usage
        </arg>
        <doc>
         Returns a list containing given items.
        </doc>
        <status endtime="20240626 16:01:36.670" starttime="20240626 16:01:36.670" status="NOT RUN"/>
       </kw>
       <kw library="BuiltIn" name="Set Global Variable">
        <arg>
         @{docker_options}
        </arg>
        <arg>
         @{options}
        </arg>
        <doc>
         Makes a variable available globally in all tests and suites.
        </doc>
        <status endtime="20240626 16:01:36.670" starttime="20240626 16:01:36.670" status="NOT RUN"/>
       </kw>
       <status endtime="20240626 16:01:36.670" starttime="20240626 16:01:36.666" status="PASS"/>
      </kw>
      <kw library="Support_Web" name="Create Webdriver for chrome preferences">
       <kw library="Support_Web" name="Update Docker Execution Options">
        <var>
         ${list_prefs}
        </var>
        <arg>
         ${list_prefs}
        </arg>
        <kw library="BuiltIn" name="Run Keyword And Return Status">
         <var>
          ${docker_check}
         </var>
         <arg>
          Variable Should Exist
         </arg>
         <arg>
          ${docker_options}
         </arg>
         <doc>
          Runs the given keyword with given arguments and returns the status as a Boolean value.
         </doc>
         <kw library="BuiltIn" name="Variable Should Exist">
          <arg>
           ${docker_options}
          </arg>
          <doc>
           Fails unless the given variable exists within the current scope.
          </doc>
          <msg level="FAIL" timestamp="20240626 16:01:36.673">
           Variable '${docker_options}' does not exist.
          </msg>
          <status endtime="20240626 16:01:36.673" starttime="20240626 16:01:36.671" status="FAIL"/>
         </kw>
         <msg level="INFO" timestamp="20240626 16:01:36.673">
          ${docker_check} = False
         </msg>
         <status endtime="20240626 16:01:36.673" starttime="20240626 16:01:36.671" status="PASS"/>
        </kw>
        <kw library="BuiltIn" name="Get Length">
         <var>
          ${list_prefs_length}
         </var>
         <arg>
          ${list_prefs}
         </arg>
         <doc>
          Returns and logs the length of the given item as an integer.
         </doc>
         <msg level="INFO" timestamp="20240626 16:01:36.673">
          Length is 1
         </msg>
         <msg level="INFO" timestamp="20240626 16:01:36.673">
          ${list_prefs_length} = 1
         </msg>
         <status endtime="20240626 16:01:36.673" starttime="20240626 16:01:36.673" status="PASS"/>
        </kw>
        <kw library="BuiltIn" name="Run Keyword If">
         <var>
          ${list_prefs}
         </var>
         <arg>
          ${docker_check} and ${list_prefs_length}&gt;0 and ${list_prefs}[0] != []
         </arg>
         <arg>
          Combine Lists
         </arg>
         <arg>
          ${list_prefs}
         </arg>
         <arg>
          ${docker_options}
         </arg>
         <arg>
          ELSE IF
         </arg>
         <arg>
          ${docker_check}
         </arg>
         <arg>
          Set Variable
         </arg>
         <arg>
          ${docker_options}
         </arg>
         <arg>
          ELSE
         </arg>
         <arg>
          Set Variable
         </arg>
         <arg>
          ${list_prefs}
         </arg>
         <doc>
          Runs the given keyword with the given arguments, if ``condition`` is true.
         </doc>
         <kw library="BuiltIn" name="Set Variable">
          <arg>
           ${list_prefs}
          </arg>
          <doc>
           Returns the given values which can then be assigned to a variables.
          </doc>
          <status endtime="20240626 16:01:36.674" starttime="20240626 16:01:36.674" status="PASS"/>
         </kw>
         <msg level="INFO" timestamp="20240626 16:01:36.674">
          ${list_prefs} = [[]]
         </msg>
         <status endtime="20240626 16:01:36.674" starttime="20240626 16:01:36.673" status="PASS"/>
        </kw>
        <msg level="INFO" timestamp="20240626 16:01:36.674">
         ${list_prefs} = [[]]
        </msg>
        <status endtime="20240626 16:01:36.674" starttime="20240626 16:01:36.670" status="PASS"/>
       </kw>
       <kw library="Support_Web" name="Create Chrome Options for download preferences">
        <var>
         ${chrome_options}
        </var>
        <kw library="BuiltIn" name="Evaluate">
         <var>
          ${chrome_options}
         </var>
         <arg>
          sys.modules['selenium.webdriver'].ChromeOptions()
         </arg>
         <arg>
          sys
         </arg>
         <doc>
          Evaluates the given expression in Python and returns the result.
         </doc>
         <msg level="INFO" timestamp="20240626 16:01:36.675">
          ${chrome_options} = &lt;selenium.webdriver.chrome.options.Options object at 0x0000016B6FD02780&gt;
         </msg>
         <status endtime="20240626 16:01:36.675" starttime="20240626 16:01:36.675" status="PASS"/>
        </kw>
        <msg level="INFO" timestamp="20240626 16:01:36.675">
         ${chrome_options} = &lt;selenium.webdriver.chrome.options.Options object at 0x0000016B6FD02780&gt;
        </msg>
        <status endtime="20240626 16:01:36.675" starttime="20240626 16:01:36.675" status="PASS"/>
       </kw>
       <kw library="Support_Web" name="Update Preferences List">
        <arg>
         ${chrome_options}
        </arg>
        <arg>
         @{list_prefs}
        </arg>
        <kw library="BuiltIn" name="Convert To String">
         <var>
          ${string_prefs}
         </var>
         <arg>
          ${list_prefs}
         </arg>
         <doc>
          Converts the given item to a Unicode string.
         </doc>
         <msg level="INFO" timestamp="20240626 16:01:36.676">
          ${string_prefs} = [[]]
         </msg>
         <status endtime="20240626 16:01:36.676" starttime="20240626 16:01:36.676" status="PASS"/>
        </kw>
        <kw library="BuiltIn" name="Return From Keyword If">
         <arg>
          ${string_prefs} == [[]]
         </arg>
         <doc>
          Returns from the enclosing user keyword if ``condition`` is true.
         </doc>
         <msg level="INFO" timestamp="20240626 16:01:36.676">
          Returning from the enclosing user keyword.
         </msg>
         <status endtime="20240626 16:01:36.676" starttime="20240626 16:01:36.676" status="PASS"/>
        </kw>
        <for flavor="IN">
         <var>
          ${preference}
         </var>
         <value>
          @{list_prefs}
         </value>
         <iter>
          <var name="${preference}"/>
          <kw library="BuiltIn" name="Call Method">
           <arg>
            ${chrome_options}
           </arg>
           <arg>
            add_argument
           </arg>
           <arg>
            ${preference}
           </arg>
           <doc>
            Calls the named method of the given object with the provided arguments.
           </doc>
           <status endtime="20240626 16:01:36.677" starttime="20240626 16:01:36.677" status="NOT RUN"/>
          </kw>
          <status endtime="20240626 16:01:36.677" starttime="20240626 16:01:36.677" status="NOT RUN"/>
         </iter>
         <status endtime="20240626 16:01:36.677" starttime="20240626 16:01:36.677" status="NOT RUN"/>
        </for>
        <status endtime="20240626 16:01:36.677" starttime="20240626 16:01:36.675" status="PASS"/>
       </kw>
       <kw library="BuiltIn" name="Call Method">
        <arg>
         ${chrome_options}
        </arg>
        <arg>
         add_experimental_option
        </arg>
        <arg>
         prefs
        </arg>
        <arg>
         ${kw_prefs}
        </arg>
        <doc>
         Calls the named method of the given object with the provided arguments.
        </doc>
        <status endtime="20240626 16:01:36.678" starttime="20240626 16:01:36.677" status="PASS"/>
       </kw>
       <kw library="BuiltIn" name="Set Global Variable">
        <arg>
         ${global_browser_options}
        </arg>
        <arg>
         ${chrome options}
        </arg>
        <doc>
         Makes a variable available globally in all tests and suites.
        </doc>
        <msg level="INFO" timestamp="20240626 16:01:36.678">
         ${global_browser_options} = &lt;selenium.webdriver.chrome.options.Options object at 0x0000016B6FD02780&gt;
        </msg>
        <status endtime="20240626 16:01:36.678" starttime="20240626 16:01:36.678" status="PASS"/>
       </kw>
       <status endtime="20240626 16:01:36.678" starttime="20240626 16:01:36.670" status="PASS"/>
      </kw>
      <status endtime="20240626 16:01:36.678" starttime="20240626 16:01:30.689" status="PASS"/>
     </kw>
     <status endtime="20240626 16:01:36.678" starttime="20240626 16:01:30.688" status="PASS"/>
    </kw>
    <status endtime="20240626 16:01:36.679" starttime="20240626 16:01:30.686" status="PASS"/>
   </kw>
   <kw library="BuiltIn" name="Set Suite Metadata">
    <arg>
     environment
    </arg>
    <arg>
     ${test_server}
    </arg>
    <doc>
     Sets metadata for the current test suite.
    </doc>
    <msg level="INFO" timestamp="20240626 16:01:36.679">
     Set suite metadata 'environment' to value 'Dev'.
    </msg>
    <status endtime="20240626 16:01:36.679" starttime="20240626 16:01:36.679" status="PASS"/>
   </kw>
   <status endtime="20240626 16:01:36.679" starttime="20240626 16:01:30.672" status="PASS"/>
  </kw>
  <suite id="s1-s1" name="Test Role configuration" source="C:\Anugal_Testing\Anugal\Tests\Test_Role_configuration.robot">
   <test id="s1-s1-t1" line="6" name="Start TestCase">
    <kw library="Role_configuration" name="Start TestCase">
     <kw library="BuiltIn" name="Log">
      <arg>
       Opening browser
      </arg>
      <doc>
       Logs the given message with the given level.
      </doc>
      <msg level="INFO" timestamp="20240626 16:01:36.689">
       Opening browser
      </msg>
      <status endtime="20240626 16:01:36.689" starttime="20240626 16:01:36.689" status="PASS"/>
     </kw>
     <kw library="SeleniumLibrary" name="Open Browser">
      <arg>
       ${angvar('url')}
      </arg>
      <arg>
       ${angvar('browser')}
      </arg>
      <doc>
       Opens a new browser instance to the optional ``url``.
      </doc>
      <msg level="INFO" timestamp="20240626 16:01:36.690">
       Ang.Dev.url: https://dev.anugalid.com/login
      </msg>
      <msg level="INFO" timestamp="20240626 16:01:36.691">
       Ang.Dev.browser: Chrome
      </msg>
      <msg level="INFO" timestamp="20240626 16:01:36.691">
       Opening browser 'Chrome' to base url 'https://dev.anugalid.com/login'.
      </msg>
      <status endtime="20240626 16:01:38.416" starttime="20240626 16:01:36.689" status="PASS"/>
     </kw>
     <status endtime="20240626 16:01:38.416" starttime="20240626 16:01:36.689" status="PASS"/>
    </kw>
    <tag>
     role_configuration
    </tag>
    <status endtime="20240626 16:01:38.417" starttime="20240626 16:01:36.688" status="PASS"/>
   </test>
   <test id="s1-s1-t2" line="9" name="Submit Anugal username and password">
    <kw library="Role_configuration" name="Submit Anugal username and password">
     <kw library="SeleniumLibrary" name="Wait Until Element Is Visible">
      <arg>
       ${angvar('user_text_box')}
      </arg>
      <doc>
       Waits until the element ``locator`` is visible.
      </doc>
      <msg level="INFO" timestamp="20240626 16:01:38.425">
       Ang.Dev.user_text_box: id:emailId
      </msg>
      <status endtime="20240626 16:01:39.606" starttime="20240626 16:01:38.424" status="PASS"/>
     </kw>
     <kw library="BuiltIn" name="Sleep">
      <arg>
       10
      </arg>
      <doc>
       Pauses the test executed for the given time.
      </doc>
      <msg level="INFO" timestamp="20240626 16:01:49.606">
       Slept 10 seconds
      </msg>
      <status endtime="20240626 16:01:49.606" starttime="20240626 16:01:39.606" status="PASS"/>
     </kw>
     <kw library="SeleniumLibrary" name="Click Element">
      <arg>
       xpath:(//div[@class='MuiStack-root css-1ed5314']//button)[2]
      </arg>
      <doc>
       Click the element identified by ``locator``.
      </doc>
      <msg level="INFO" timestamp="20240626 16:01:49.606">
       Clicking element 'xpath:(//div[@class='MuiStack-root css-1ed5314']//button)[2]'.
      </msg>
      <kw library="SeleniumLibrary" name="Capture Page Screenshot">
       <doc>
        Takes a screenshot of the current page and embeds it into a log file.
       </doc>
       <msg level="FAIL" timestamp="20240626 16:01:49.610">
        NoSuchWindowException: Message: no such window: target window already closed
from unknown error: web view not found
  (Session info: chrome=126.0.6478.126)
Stacktrace:
	GetHandleVerifier [0x00007FF69F153E42+31618]
	(No symbol) [0x00007FF69F0CB0A9]
	(No symbol) [0x00007FF69EF8888A]
	(No symbol) [0x00007FF69EF5DAE5]
	(No symbol) [0x00007FF69F0045A7]
	(No symbol) [0x00007FF69F01C131]
	(No symbol) [0x00007FF69EFFCEB3]
	(No symbol) [0x00007FF69EFCA46B]
	(No symbol) [0x00007FF69EFCB001]
	GetHandleVerifier [0x00007FF69F45A01D+3202397]
	GetHandleVerifier [0x00007FF69F4A6A3D+3516285]
	GetHandleVerifier [0x00007FF69F49C4B0+3473904]
	GetHandleVerifier [0x00007FF69F205D46+760454]
	(No symbol) [0x00007FF69F0D6B4F]
	(No symbol) [0x00007FF69F0D1CE4]
	(No symbol) [0x00007FF69F0D1E72]
	(No symbol) [0x00007FF69F0C121F]
	BaseThreadInitThunk [0x00007FFE0B477AC4+20]
	RtlUserThreadStart [0x00007FFE0E28A4E1+33]
       </msg>
       <status endtime="20240626 16:01:49.709" starttime="20240626 16:01:49.609" status="FAIL"/>
      </kw>
      <msg level="WARN" timestamp="20240626 16:01:49.709">
       Keyword 'Capture Page Screenshot' could not be run on failure: NoSuchWindowException: Message: no such window: target window already closed
from unknown error: web view not found
  (Session info: chrome=126.0.6478.126)
Stacktrace:
	GetHandleVerifier [0x00007FF69F153E42+31618]
	(No symbol) [0x00007FF69F0CB0A9]
	(No symbol) [0x00007FF69EF8888A]
	(No symbol) [0x00007FF69EF5DAE5]
	(No symbol) [0x00007FF69F0045A7]
	(No symbol) [0x00007FF69F01C131]
	(No symbol) [0x00007FF69EFFCEB3]
	(No symbol) [0x00007FF69EFCA46B]
	(No symbol) [0x00007FF69EFCB001]
	GetHandleVerifier [0x00007FF69F45A01D+3202397]
	GetHandleVerifier [0x00007FF69F4A6A3D+3516285]
	GetHandleVerifier [0x00007FF69F49C4B0+3473904]
	GetHandleVerifier [0x00007FF69F205D46+760454]
	(No symbol) [0x00007FF69F0D6B4F]
	(No symbol) [0x00007FF69F0D1CE4]
	(No symbol) [0x00007FF69F0D1E72]
	(No symbol) [0x00007FF69F0C121F]
	BaseThreadInitThunk [0x00007FFE0B477AC4+20]
	RtlUserThreadStart [0x00007FFE0E28A4E1+33]
      </msg>
      <msg level="INFO" timestamp="20240626 16:01:49.710">
       Traceback (most recent call last):
    ~~~~~~~~~~~~~~~~~~~~~~~~~~~~~~~~~~~~~~~~~~~~~~~~~~~~~~~~~~~~~~~~~~~~~~~~~~
    File  C:\Anugal_Testing\Anugal\Tests\Test_Role_configuration.robot:9
    T:  Submit Anugal username and password    
    ~~~~~~~~~~~~~~~~~~~~~~~~~~~~~~~~~~~~~~~~~~~~~~~~~~~~~~~~~~~~~~~~~~~~~~~~~~
    File  C:\Anugal_Testing\Anugal\Tests\Test_Role_configuration.robot:10
      Submit Anugal username and password    
    ~~~~~~~~~~~~~~~~~~~~~~~~~~~~~~~~~~~~~~~~~~~~~~~~~~~~~~~~~~~~~~~~~~~~~~~~~~
    File  C:\Anugal_Testing\Anugal\Tests\Resource\Role_configuration.robot:13
      Click Element    xpath:(//div[@class='MuiStack-root css-1ed5314']//button)[2]
    ~~~~~~~~~~~~~~~~~~~~~~~~~~~~~~~~~~~~~~~~~~~~~~~~~~~~~~~~~~~~~~~~~~~~~~~~~~
    File  None:0
      Capture Page Screenshot    
______________________________________________________________________________
      </msg>
      <msg level="FAIL" timestamp="20240626 16:01:49.710">
       NoSuchWindowException: Message: no such window: target window already closed
from unknown error: web view not found
  (Session info: chrome=126.0.6478.126)
Stacktrace:
	GetHandleVerifier [0x00007FF69F153E42+31618]
	(No symbol) [0x00007FF69F0CB0A9]
	(No symbol) [0x00007FF69EF8888A]
	(No symbol) [0x00007FF69EF5DAE5]
	(No symbol) [0x00007FF69F0045A7]
	(No symbol) [0x00007FF69F01C131]
	(No symbol) [0x00007FF69EFFCEB3]
	(No symbol) [0x00007FF69EFCA46B]
	(No symbol) [0x00007FF69EFCB001]
	GetHandleVerifier [0x00007FF69F45A01D+3202397]
	GetHandleVerifier [0x00007FF69F4A6A3D+3516285]
	GetHandleVerifier [0x00007FF69F49C4B0+3473904]
	GetHandleVerifier [0x00007FF69F205D46+760454]
	(No symbol) [0x00007FF69F0D6B4F]
	(No symbol) [0x00007FF69F0D1CE4]
	(No symbol) [0x00007FF69F0D1E72]
	(No symbol) [0x00007FF69F0C121F]
	BaseThreadInitThunk [0x00007FFE0B477AC4+20]
	RtlUserThreadStart [0x00007FFE0E28A4E1+33]
      </msg>
      <status endtime="20240626 16:01:49.711" starttime="20240626 16:01:49.606" status="FAIL"/>
     </kw>
     <kw library="BuiltIn" name="Sleep">
      <arg>
       5
      </arg>
      <doc>
       Pauses the test executed for the given time.
      </doc>
      <status endtime="20240626 16:01:49.711" starttime="20240626 16:01:49.711" status="NOT RUN"/>
     </kw>
     <kw library="SeleniumLibrary" name="Input Text">
      <arg>
       xpath://*[@id="i0116"]
      </arg>
      <arg>
       malayranjan.s@basiscloudsolutions.com
      </arg>
      <doc>
       Types the given ``text`` into the text field identified by ``locator``.
      </doc>
      <status endtime="20240626 16:01:49.711" starttime="20240626 16:01:49.711" status="NOT RUN"/>
     </kw>
     <kw library="BuiltIn" name="Sleep">
      <arg>
       3
      </arg>
      <doc>
       Pauses the test executed for the given time.
      </doc>
      <status endtime="20240626 16:01:49.712" starttime="20240626 16:01:49.712" status="NOT RUN"/>
     </kw>
     <kw library="SeleniumLibrary" name="Click Element">
      <arg>
       xpath://*[@id="idSIButton9"]
      </arg>
      <doc>
       Click the element identified by ``locator``.
      </doc>
      <status endtime="20240626 16:01:49.712" starttime="20240626 16:01:49.712" status="NOT RUN"/>
     </kw>
     <kw library="SeleniumLibrary" name="Wait Until Element Is Visible">
      <arg>
       xpath://*[@id="i0118"]
      </arg>
      <arg>
       60s
      </arg>
      <doc>
       Waits until the element ``locator`` is visible.
      </doc>
      <status endtime="20240626 16:01:49.712" starttime="20240626 16:01:49.712" status="NOT RUN"/>
     </kw>
     <kw library="SeleniumLibrary" name="Input Text">
      <arg>
       xpath://*[@id="i0118"]
      </arg>
      <arg>
       Malay@Ranjan!@#
      </arg>
      <doc>
       Types the given ``text`` into the text field identified by ``locator``.
      </doc>
      <status endtime="20240626 16:01:49.712" starttime="20240626 16:01:49.712" status="NOT RUN"/>
     </kw>
     <kw library="SeleniumLibrary" name="Click Element">
      <arg>
       xpath://*[@id="idSIButton9"]
      </arg>
      <doc>
       Click the element identified by ``locator``.
      </doc>
      <status endtime="20240626 16:01:49.713" starttime="20240626 16:01:49.712" status="NOT RUN"/>
     </kw>
     <kw library="BuiltIn" name="Sleep">
      <arg>
       2
      </arg>
      <doc>
       Pauses the test executed for the given time.
      </doc>
      <status endtime="20240626 16:01:49.713" starttime="20240626 16:01:49.713" status="NOT RUN"/>
     </kw>
     <kw library="SeleniumLibrary" name="Click Element">
      <arg>
       xpath://*[@id="idBtn_Back"]
      </arg>
      <doc>
       Click the element identified by ``locator``.
      </doc>
      <status endtime="20240626 16:01:49.713" starttime="20240626 16:01:49.713" status="NOT RUN"/>
     </kw>
     <kw library="BuiltIn" name="Sleep">
      <arg>
       5
      </arg>
      <doc>
       Pauses the test executed for the given time.
      </doc>
      <status endtime="20240626 16:01:49.713" starttime="20240626 16:01:49.713" status="NOT RUN"/>
     </kw>
     <kw library="SeleniumLibrary" name="Maximize Browser Window">
      <doc>
       Maximizes current browser window.
      </doc>
      <status endtime="20240626 16:01:49.713" starttime="20240626 16:01:49.713" status="NOT RUN"/>
     </kw>
     <kw library="BuiltIn" name="Sleep">
      <arg>
       20
      </arg>
      <doc>
       Pauses the test executed for the given time.
      </doc>
      <status endtime="20240626 16:01:49.713" starttime="20240626 16:01:49.713" status="NOT RUN"/>
     </kw>
     <status endtime="20240626 16:01:49.715" starttime="20240626 16:01:38.423" status="FAIL"/>
    </kw>
    <tag>
     role_configuration
    </tag>
    <status endtime="20240626 16:01:49.715" starttime="20240626 16:01:38.418" status="FAIL">
     NoSuchWindowException: Message: no such window: target window already closed
from unknown error: web view not found
  (Session info: chrome=126.0.6478.126)
Stacktrace:
	GetHandleVerifier [0x00007FF69F153E42+31618]
	(No symbol) [0x00007FF69F0CB0A9]
	(No symbol) [0x00007FF69EF8888A]
	(No symbol) [0x00007FF69EF5DAE5]
	(No symbol) [0x00007FF69F0045A7]
	(No symbol) [0x00007FF69F01C131]
	(No symbol) [0x00007FF69EFFCEB3]
	(No symbol) [0x00007FF69EFCA46B]
	(No symbol) [0x00007FF69EFCB001]
	GetHandleVerifier [0x00007FF69F45A01D+3202397]
	GetHandleVerifier [0x00007FF69F4A6A3D+3516285]
	GetHandleVerifier [0x00007FF69F49C4B0+3473904]
	GetHandleVerifier [0x00007FF69F205D46+760454]
	(No symbol) [0x00007FF69F0D6B4F]
	(No symbol) [0x00007FF69F0D1CE4]
	(No symbol) [0x00007FF69F0D1E72]
	(No symbol) [0x00007FF69F0C121F]
	BaseThreadInitThunk [0x00007FFE0B477AC4+20]
	RtlUserThreadStart [0x00007FFE0E28A4E1+33]
    </status>
   </test>
   <test id="s1-s1-t3" line="12" name="Role_configuartion">
    <kw library="Role_configuration" name="Role_configuartion">
     <kw library="SeleniumLibrary" name="Click Element">
      <arg>
       xpath://span[text()='Admin']
      </arg>
      <doc>
       Click the element identified by ``locator``.
      </doc>
      <msg level="INFO" timestamp="20240626 16:01:49.716">
       Clicking element 'xpath://span[text()='Admin']'.
      </msg>
      <kw library="SeleniumLibrary" name="Capture Page Screenshot">
       <doc>
        Takes a screenshot of the current page and embeds it into a log file.
       </doc>
       <msg level="FAIL" timestamp="20240626 16:01:49.719">
        NoSuchWindowException: Message: no such window: target window already closed
from unknown error: web view not found
  (Session info: chrome=126.0.6478.126)
Stacktrace:
	GetHandleVerifier [0x00007FF69F153E42+31618]
	(No symbol) [0x00007FF69F0CB0A9]
	(No symbol) [0x00007FF69EF8888A]
	(No symbol) [0x00007FF69EF5DAE5]
	(No symbol) [0x00007FF69F0045A7]
	(No symbol) [0x00007FF69F01C131]
	(No symbol) [0x00007FF69EFFCEB3]
	(No symbol) [0x00007FF69EFCA46B]
	(No symbol) [0x00007FF69EFCB001]
	GetHandleVerifier [0x00007FF69F45A01D+3202397]
	GetHandleVerifier [0x00007FF69F4A6A3D+3516285]
	GetHandleVerifier [0x00007FF69F49C4B0+3473904]
	GetHandleVerifier [0x00007FF69F205D46+760454]
	(No symbol) [0x00007FF69F0D6B4F]
	(No symbol) [0x00007FF69F0D1CE4]
	(No symbol) [0x00007FF69F0D1E72]
	(No symbol) [0x00007FF69F0C121F]
	BaseThreadInitThunk [0x00007FFE0B477AC4+20]
	RtlUserThreadStart [0x00007FFE0E28A4E1+33]
       </msg>
       <status endtime="20240626 16:01:49.720" starttime="20240626 16:01:49.718" status="FAIL"/>
      </kw>
      <msg level="WARN" timestamp="20240626 16:01:49.721">
       Keyword 'Capture Page Screenshot' could not be run on failure: NoSuchWindowException: Message: no such window: target window already closed
from unknown error: web view not found
  (Session info: chrome=126.0.6478.126)
Stacktrace:
	GetHandleVerifier [0x00007FF69F153E42+31618]
	(No symbol) [0x00007FF69F0CB0A9]
	(No symbol) [0x00007FF69EF8888A]
	(No symbol) [0x00007FF69EF5DAE5]
	(No symbol) [0x00007FF69F0045A7]
	(No symbol) [0x00007FF69F01C131]
	(No symbol) [0x00007FF69EFFCEB3]
	(No symbol) [0x00007FF69EFCA46B]
	(No symbol) [0x00007FF69EFCB001]
	GetHandleVerifier [0x00007FF69F45A01D+3202397]
	GetHandleVerifier [0x00007FF69F4A6A3D+3516285]
	GetHandleVerifier [0x00007FF69F49C4B0+3473904]
	GetHandleVerifier [0x00007FF69F205D46+760454]
	(No symbol) [0x00007FF69F0D6B4F]
	(No symbol) [0x00007FF69F0D1CE4]
	(No symbol) [0x00007FF69F0D1E72]
	(No symbol) [0x00007FF69F0C121F]
	BaseThreadInitThunk [0x00007FFE0B477AC4+20]
	RtlUserThreadStart [0x00007FFE0E28A4E1+33]
      </msg>
      <msg level="INFO" timestamp="20240626 16:01:49.721">
       Traceback (most recent call last):
    ~~~~~~~~~~~~~~~~~~~~~~~~~~~~~~~~~~~~~~~~~~~~~~~~~~~~~~~~~~~~~~~~~~~~~~~~~~
    File  C:\Anugal_Testing\Anugal\Tests\Test_Role_configuration.robot:12
    T:  Role_configuartion    
    ~~~~~~~~~~~~~~~~~~~~~~~~~~~~~~~~~~~~~~~~~~~~~~~~~~~~~~~~~~~~~~~~~~~~~~~~~~
    File  C:\Anugal_Testing\Anugal\Tests\Test_Role_configuration.robot:13
      Role_configuartion    
    ~~~~~~~~~~~~~~~~~~~~~~~~~~~~~~~~~~~~~~~~~~~~~~~~~~~~~~~~~~~~~~~~~~~~~~~~~~
    File  C:\Anugal_Testing\Anugal\Tests\Resource\Role_configuration.robot:30
      Click Element    xpath://span[text()='Admin']
    ~~~~~~~~~~~~~~~~~~~~~~~~~~~~~~~~~~~~~~~~~~~~~~~~~~~~~~~~~~~~~~~~~~~~~~~~~~
    File  None:0
      Capture Page Screenshot    
______________________________________________________________________________
      </msg>
      <msg level="FAIL" timestamp="20240626 16:01:49.721">
       NoSuchWindowException: Message: no such window: target window already closed
from unknown error: web view not found
  (Session info: chrome=126.0.6478.126)
Stacktrace:
	GetHandleVerifier [0x00007FF69F153E42+31618]
	(No symbol) [0x00007FF69F0CB0A9]
	(No symbol) [0x00007FF69EF8888A]
	(No symbol) [0x00007FF69EF5DAE5]
	(No symbol) [0x00007FF69F0045A7]
	(No symbol) [0x00007FF69F01C131]
	(No symbol) [0x00007FF69EFFCEB3]
	(No symbol) [0x00007FF69EFCA46B]
	(No symbol) [0x00007FF69EFCB001]
	GetHandleVerifier [0x00007FF69F45A01D+3202397]
	GetHandleVerifier [0x00007FF69F4A6A3D+3516285]
	GetHandleVerifier [0x00007FF69F49C4B0+3473904]
	GetHandleVerifier [0x00007FF69F205D46+760454]
	(No symbol) [0x00007FF69F0D6B4F]
	(No symbol) [0x00007FF69F0D1CE4]
	(No symbol) [0x00007FF69F0D1E72]
	(No symbol) [0x00007FF69F0C121F]
	BaseThreadInitThunk [0x00007FFE0B477AC4+20]
	RtlUserThreadStart [0x00007FFE0E28A4E1+33]
      </msg>
      <status endtime="20240626 16:01:49.722" starttime="20240626 16:01:49.716" status="FAIL"/>
     </kw>
     <kw library="BuiltIn" name="Sleep">
      <arg>
       5
      </arg>
      <doc>
       Pauses the test executed for the given time.
      </doc>
      <status endtime="20240626 16:01:49.723" starttime="20240626 16:01:49.722" status="NOT RUN"/>
     </kw>
     <kw library="SeleniumLibrary" name="Click Element">
      <arg>
       xpath://div[text()='Role Configuration']
      </arg>
      <doc>
       Click the element identified by ``locator``.
      </doc>
      <status endtime="20240626 16:01:49.723" starttime="20240626 16:01:49.723" status="NOT RUN"/>
     </kw>
     <kw library="BuiltIn" name="Sleep">
      <arg>
       5
      </arg>
      <doc>
       Pauses the test executed for the given time.
      </doc>
      <status endtime="20240626 16:01:49.723" starttime="20240626 16:01:49.723" status="NOT RUN"/>
     </kw>
     <kw library="SeleniumLibrary" name="Click Element">
      <arg>
       xpath://button[text()='Create New Role']
      </arg>
      <doc>
       Click the element identified by ``locator``.
      </doc>
      <status endtime="20240626 16:01:49.723" starttime="20240626 16:01:49.723" status="NOT RUN"/>
     </kw>
     <kw library="BuiltIn" name="Sleep">
      <arg>
       2
      </arg>
      <doc>
       Pauses the test executed for the given time.
      </doc>
      <status endtime="20240626 16:01:49.724" starttime="20240626 16:01:49.723" status="NOT RUN"/>
     </kw>
     <kw library="SeleniumLibrary" name="Input Text">
      <arg>
       id:roleConfigName
      </arg>
      <arg>
       Anugal@123
      </arg>
      <doc>
       Types the given ``text`` into the text field identified by ``locator``.
      </doc>
      <status endtime="20240626 16:01:49.724" starttime="20240626 16:01:49.724" status="NOT RUN"/>
     </kw>
     <kw library="BuiltIn" name="Sleep">
      <arg>
       1
      </arg>
      <doc>
       Pauses the test executed for the given time.
      </doc>
      <status endtime="20240626 16:01:49.724" starttime="20240626 16:01:49.724" status="NOT RUN"/>
     </kw>
     <kw library="SeleniumLibrary" name="Input Text">
      <arg>
       id:roleConfigDescription
      </arg>
      <arg>
       Anugal@test
      </arg>
      <doc>
       Types the given ``text`` into the text field identified by ``locator``.
      </doc>
      <status endtime="20240626 16:01:49.724" starttime="20240626 16:01:49.724" status="NOT RUN"/>
     </kw>
     <kw library="BuiltIn" name="Sleep">
      <arg>
       1
      </arg>
      <doc>
       Pauses the test executed for the given time.
      </doc>
      <status endtime="20240626 16:01:49.725" starttime="20240626 16:01:49.724" status="NOT RUN"/>
     </kw>
     <kw library="SeleniumLibrary" name="Click Element">
      <arg>
       name:User Administration
      </arg>
      <doc>
       Click the element identified by ``locator``.
      </doc>
      <status endtime="20240626 16:01:49.725" starttime="20240626 16:01:49.725" status="NOT RUN"/>
     </kw>
     <kw library="BuiltIn" name="Sleep">
      <arg>
       2
      </arg>
      <doc>
       Pauses the test executed for the given time.
      </doc>
      <status endtime="20240626 16:01:49.725" starttime="20240626 16:01:49.725" status="NOT RUN"/>
     </kw>
     <kw library="SeleniumLibrary" name="Execute Javascript">
      <arg>
       window.scrollTo(0,400)
      </arg>
      <doc>
       Executes the given JavaScript code with possible arguments.
      </doc>
      <status endtime="20240626 16:01:49.725" starttime="20240626 16:01:49.725" status="NOT RUN"/>
     </kw>
     <kw library="BuiltIn" name="Sleep">
      <arg>
       2
      </arg>
      <doc>
       Pauses the test executed for the given time.
      </doc>
      <status endtime="20240626 16:01:49.725" starttime="20240626 16:01:49.725" status="NOT RUN"/>
     </kw>
     <kw library="SeleniumLibrary" name="Click Element">
      <arg>
       name:My Access
      </arg>
      <doc>
       Click the element identified by ``locator``.
      </doc>
      <status endtime="20240626 16:01:49.725" starttime="20240626 16:01:49.725" status="NOT RUN"/>
     </kw>
     <kw library="BuiltIn" name="Sleep">
      <arg>
       2
      </arg>
      <doc>
       Pauses the test executed for the given time.
      </doc>
      <status endtime="20240626 16:01:49.726" starttime="20240626 16:01:49.726" status="NOT RUN"/>
     </kw>
     <kw library="SeleniumLibrary" name="Click Element">
      <arg>
       name:Status
      </arg>
      <doc>
       Click the element identified by ``locator``.
      </doc>
      <status endtime="20240626 16:01:49.726" starttime="20240626 16:01:49.726" status="NOT RUN"/>
     </kw>
     <kw library="BuiltIn" name="Sleep">
      <arg>
       2
      </arg>
      <doc>
       Pauses the test executed for the given time.
      </doc>
      <status endtime="20240626 16:01:49.726" starttime="20240626 16:01:49.726" status="NOT RUN"/>
     </kw>
     <kw library="SeleniumLibrary" name="Click Element">
      <arg>
       xpath://button[text()='Next']
      </arg>
      <doc>
       Click the element identified by ``locator``.
      </doc>
      <status endtime="20240626 16:01:49.726" starttime="20240626 16:01:49.726" status="NOT RUN"/>
     </kw>
     <kw library="BuiltIn" name="Sleep">
      <arg>
       5
      </arg>
      <doc>
       Pauses the test executed for the given time.
      </doc>
      <status endtime="20240626 16:01:49.726" starttime="20240626 16:01:49.726" status="NOT RUN"/>
     </kw>
     <kw library="SeleniumLibrary" name="Click Element">
      <arg>
       xpath://button[text()='Create']
      </arg>
      <doc>
       Click the element identified by ``locator``.
      </doc>
      <status endtime="20240626 16:01:49.727" starttime="20240626 16:01:49.727" status="NOT RUN"/>
     </kw>
     <kw library="BuiltIn" name="Sleep">
      <arg>
       9
      </arg>
      <doc>
       Pauses the test executed for the given time.
      </doc>
      <status endtime="20240626 16:01:49.727" starttime="20240626 16:01:49.727" status="NOT RUN"/>
     </kw>
     <status endtime="20240626 16:01:49.727" starttime="20240626 16:01:49.716" status="FAIL"/>
    </kw>
    <kw library="Role_configuration" name="Provisioning the role">
     <status endtime="20240626 16:01:49.727" starttime="20240626 16:01:49.727" status="NOT RUN"/>
    </kw>
    <kw library="Role_configuration" name="View the role">
     <status endtime="20240626 16:01:49.727" starttime="20240626 16:01:49.727" status="NOT RUN"/>
    </kw>
    <kw library="Role_configuration" name="Edit the role">
     <status endtime="20240626 16:01:49.727" starttime="20240626 16:01:49.727" status="NOT RUN"/>
    </kw>
    <kw library="Role_configuration" name="Delete the role">
     <status endtime="20240626 16:01:49.728" starttime="20240626 16:01:49.728" status="NOT RUN"/>
    </kw>
    <tag>
     role_configuration
    </tag>
    <status endtime="20240626 16:01:49.728" starttime="20240626 16:01:49.715" status="FAIL">
     NoSuchWindowException: Message: no such window: target window already closed
from unknown error: web view not found
  (Session info: chrome=126.0.6478.126)
Stacktrace:
	GetHandleVerifier [0x00007FF69F153E42+31618]
	(No symbol) [0x00007FF69F0CB0A9]
	(No symbol) [0x00007FF69EF8888A]
	(No symbol) [0x00007FF69EF5DAE5]
	(No symbol) [0x00007FF69F0045A7]
	(No symbol) [0x00007FF69F01C131]
	(No symbol) [0x00007FF69EFFCEB3]
	(No symbol) [0x00007FF69EFCA46B]
	(No symbol) [0x00007FF69EFCB001]
	GetHandleVerifier [0x00007FF69F45A01D+3202397]
	GetHandleVerifier [0x00007FF69F4A6A3D+3516285]
	GetHandleVerifier [0x00007FF69F49C4B0+3473904]
	GetHandleVerifier [0x00007FF69F205D46+760454]
	(No symbol) [0x00007FF69F0D6B4F]
	(No symbol) [0x00007FF69F0D1CE4]
	(No symbol) [0x00007FF69F0D1E72]
	(No symbol) [0x00007FF69F0C121F]
	BaseThreadInitThunk [0x00007FFE0B477AC4+20]
	RtlUserThreadStart [0x00007FFE0E28A4E1+33]
    </status>
   </test>
   <test id="s1-s1-t4" line="19" name="Finish TestCase">
    <kw library="Role_configuration" name="Finish TestCase">
     <kw library="SeleniumLibrary" name="Close All Browsers">
      <doc>
       Closes all open browsers and resets the browser cache.
      </doc>
      <status endtime="20240626 16:01:51.836" starttime="20240626 16:01:49.729" status="PASS"/>
     </kw>
     <status endtime="20240626 16:01:51.836" starttime="20240626 16:01:49.729" status="PASS"/>
    </kw>
    <tag>
     role_configuration
    </tag>
    <status endtime="20240626 16:01:51.837" starttime="20240626 16:01:49.728" status="PASS"/>
   </test>
   <status endtime="20240626 16:01:51.837" starttime="20240626 16:01:36.679" status="FAIL"/>
  </suite>
  <doc>
   Testing functionality through Robot Framework
  </doc>
  <meta name="environment">
   Dev
  </meta>
  <meta name="test_browser_name">
   chrome
  </meta>
  <meta name="test_browser_version">
   126.0.6478.126
  </meta>
  <meta name="test_driver_version">
   126.0.6478.62
  </meta>
  <meta name="test_environment">
   Dev
  </meta>
  <meta name="test_freeze_dependencies">
   astroid==3.1.0,attrs==23.2.0,beautifulsoup4==4.12.3,bs4==0.0.2,certifi==2024.2.2,cffi==1.16.0,chardet==5.2.0,charset-normalizer==3.3.2,click==8.1.7,colorama==0.4.6,cryptography==42.0.5,defusedxml==0.7.1,dill==0.3.8,docutils==0.20.1,docx==0.2.4,docx2pdf==0.1.8,et-xmlfile==1.1.0,exceptiongroup==1.2.0,fsspec==2024.5.0,gitdb==4.0.11,GitPython==3.1.42,h11==0.14.0,idna==3.6,isort==5.13.2,Jinja2==3.1.3,jira==3.6.0,jsonpath-ng==1.6.1,jsonschema==4.21.1,jsonschema-specifications==2023.12.1,lazy-object-proxy==1.10.0,lxml==5.1.0,markdown-it-py==3.0.0,MarkupSafe==2.1.5,mccabe==0.7.0,mdurl==0.1.2,natsort==8.4.0,numpy==1.26.4,oauthlib==3.2.2,openpyxl==3.1.2,outcome==1.3.0.post0,packaging==24.0,pandas==2.2.2,pathspec==0.11.2,pillow==10.2.0,pip==24.0,platformdirs==4.2.0,ply==3.11,pycparser==2.21,Pygments==2.17.2,pylint==3.1.0,PyPDF2==3.0.1,PySocks==1.7.1,python-dateutil==2.9.0.post0,python-docx==1.1.2,pytz==2024.1,pywin32==306,PyYAML==6.0.1,referencing==0.33.0,reportlab==4.2.0,requests==2.31.0,requests-oauthlib==1.4.0,requests-toolbelt==1.0.0,rich==13.7.1,rich-click==1.6.1,robotframework==6.0.2,robotframework-datadriver==1.9.0,robotframework-jsonlibrary==0.5,robotframework-pabot==2.16.0,robotframework-pythonlibcore==4.2.0,robotframework-requests==0.9.2,robotframework-sapguilibrary==1.1,robotframework-seleniumlibrary==5.1.3,robotframework-stacktrace==0.4.1,robotframework-tidy==4.5.0,rpds-py==0.18.0,selenium==4.9.1,setuptools==69.2.0,six==1.16.0,smmap==5.0.1,sniffio==1.3.1,sortedcontainers==2.4.0,soupsieve==2.5,tomli==2.0.1,tomlkit==0.12.4,tqdm==4.66.4,trio==0.24.0,trio-websocket==0.11.1,typing_extensions==4.10.0,tzdata==2024.1,urllib3==2.2.1,wheel==0.43.0,wrapt==1.16.0,wsproto==1.2.0
  </meta>
  <status endtime="20240626 16:01:52.208" starttime="20240626 16:01:30.155" status="FAIL"/>
 </suite>
 <statistics>
  <total>
   <stat fail="2" pass="2" skip="0">
    All Tests
   </stat>
  </total>
  <tag>
   <stat fail="2" pass="2" skip="0">
    role_configuration
   </stat>
  </tag>
  <suite>
   <stat fail="2" id="s1" name="Tests" pass="2" skip="0">
    Tests
   </stat>
   <stat fail="2" id="s1-s1" name="Test Role configuration" pass="2" skip="0">
    Tests.Test Role configuration
   </stat>
  </suite>
 </statistics>
 <errors>
  <msg level="WARN" timestamp="20240626 16:01:49.709">
   Keyword 'Capture Page Screenshot' could not be run on failure: NoSuchWindowException: Message: no such window: target window already closed
from unknown error: web view not found
  (Session info: chrome=126.0.6478.126)
Stacktrace:
	GetHandleVerifier [0x00007FF69F153E42+31618]
	(No symbol) [0x00007FF69F0CB0A9]
	(No symbol) [0x00007FF69EF8888A]
	(No symbol) [0x00007FF69EF5DAE5]
	(No symbol) [0x00007FF69F0045A7]
	(No symbol) [0x00007FF69F01C131]
	(No symbol) [0x00007FF69EFFCEB3]
	(No symbol) [0x00007FF69EFCA46B]
	(No symbol) [0x00007FF69EFCB001]
	GetHandleVerifier [0x00007FF69F45A01D+3202397]
	GetHandleVerifier [0x00007FF69F4A6A3D+3516285]
	GetHandleVerifier [0x00007FF69F49C4B0+3473904]
	GetHandleVerifier [0x00007FF69F205D46+760454]
	(No symbol) [0x00007FF69F0D6B4F]
	(No symbol) [0x00007FF69F0D1CE4]
	(No symbol) [0x00007FF69F0D1E72]
	(No symbol) [0x00007FF69F0C121F]
	BaseThreadInitThunk [0x00007FFE0B477AC4+20]
	RtlUserThreadStart [0x00007FFE0E28A4E1+33]
  </msg>
  <msg level="WARN" timestamp="20240626 16:01:49.721">
   Keyword 'Capture Page Screenshot' could not be run on failure: NoSuchWindowException: Message: no such window: target window already closed
from unknown error: web view not found
  (Session info: chrome=126.0.6478.126)
Stacktrace:
	GetHandleVerifier [0x00007FF69F153E42+31618]
	(No symbol) [0x00007FF69F0CB0A9]
	(No symbol) [0x00007FF69EF8888A]
	(No symbol) [0x00007FF69EF5DAE5]
	(No symbol) [0x00007FF69F0045A7]
	(No symbol) [0x00007FF69F01C131]
	(No symbol) [0x00007FF69EFFCEB3]
	(No symbol) [0x00007FF69EFCA46B]
	(No symbol) [0x00007FF69EFCB001]
	GetHandleVerifier [0x00007FF69F45A01D+3202397]
	GetHandleVerifier [0x00007FF69F4A6A3D+3516285]
	GetHandleVerifier [0x00007FF69F49C4B0+3473904]
	GetHandleVerifier [0x00007FF69F205D46+760454]
	(No symbol) [0x00007FF69F0D6B4F]
	(No symbol) [0x00007FF69F0D1CE4]
	(No symbol) [0x00007FF69F0D1E72]
	(No symbol) [0x00007FF69F0C121F]
	BaseThreadInitThunk [0x00007FFE0B477AC4+20]
	RtlUserThreadStart [0x00007FFE0E28A4E1+33]
  </msg>
 </errors>
</robot>
